0 info it worked if it ends with ok
1 verbose cli [ 'C:\\Program Files\\nodejs\\node.exe',
1 verbose cli   'C:\\Program Files\\nodejs\\node_modules\\npm\\bin\\npm-cli.js',
1 verbose cli   'run',
1 verbose cli   'clientTest' ]
2 info using npm@3.10.10
3 info using node@v6.10.1
4 verbose run-script [ 'preclientTest', 'clientTest', 'postclientTest' ]
5 info lifecycle mssqlNodeStarter@0.0.0~preclientTest: mssqlNodeStarter@0.0.0
6 silly lifecycle mssqlNodeStarter@0.0.0~preclientTest: no script for preclientTest, continuing
7 info lifecycle mssqlNodeStarter@0.0.0~clientTest: mssqlNodeStarter@0.0.0
8 verbose lifecycle mssqlNodeStarter@0.0.0~clientTest: unsafe-perm in lifecycle true
9 verbose lifecycle mssqlNodeStarter@0.0.0~clientTest: PATH: C:\Program Files\nodejs\node_modules\npm\bin\node-gyp-bin;C:\Users\Robert\Documents\ALS Documents\Marketing and Sales\Website\node\mssqlNodeStarter\node_modules\.bin;C:\Users\Robert\bin;C:\Program Files\Git\mingw64\bin;C:\Program Files\Git\usr\local\bin;C:\Program Files\Git\usr\bin;C:\Program Files\Git\usr\bin;C:\Program Files\Git\mingw64\bin;C:\Program Files\Git\usr\bin;C:\Users\Robert\bin;C:\ProgramData\Oracle\Java\javapath;C:\Program Files (x86)\ActiveState Komodo Edit 8;C:\Program Files (x86)\Intel\iCLS Client;C:\Program Files\Intel\iCLS Client;C:\WINDOWS\system32;C:\WINDOWS;C:\WINDOWS\System32\Wbem;C:\WINDOWS\System32\WindowsPowerShell\v1.0;C:\Program Files (x86)\Intel\OpenCL SDK\3.0\bin\x86;C:\Program Files (x86)\Intel\OpenCL SDK\3.0\bin\x64;C:\Program Files\Sony\VAIO Improvement;C:\Program Files (x86)\Sony\VAIO BIOS Data Transfer Utility;C:\Program Files (x86)\Sony\VAIO Startup Setting Tool;C:\Program Files\Intel\Intel(R) Management Engine Components\DAL;C:\Program Files\Intel\Intel(R) Management Engine Components\IPT;C:\Program Files (x86)\Intel\Intel(R) Management Engine Components\DAL;C:\Program Files (x86)\Intel\Intel(R) Management Engine Components\IPT;C:\Program Files (x86)\Brackets\command;C:\Program Files\Git\cmd;C:\Program Files (x86)\Heroku\bin;C:\Program Files (x86)\git\cmd;C:\Program Files (x86)\Git\cmd;C:\ProgramData\ComposerSetup\bin;C:\Program Files\erl8.0\bin;C:\Program Files (x86)\Elixir\bin;C:\WINDOWS\system32\config\systemprofile\.mix\escripts;C:\Program Files\nodejs;C:\WINDOWS\system32\config\systemprofile\.dnx\bin;C:\Program Files\Microsoft DNX\Dnvm;C:\Program Files (x86)\Microsoft Visual Studio 14.0\VC;C:\Program Files (x86)\Elm Platform\0.18\bin;C:\Program Files\Intel\WiFi\bin;C:\Program Files\Common Files\Intel\WirelessCommon;C:\Program Files (x86)\Microsoft SQL Server\Client SDK\ODBC\130\Tools\Binn;C:\Program Files (x86)\Microsoft SQL Server\130\Tools\Binn;C:\Program Files (x86)\Microsoft SQL Server\130\DTS\Binn;C:\Program Files (x86)\Microsoft SQL Server\130\Tools\Binn\ManagementStudio;C:\Program Files (x86)\Microsoft SQL Server\110\Tools\Binn;C:\Program Files\Microsoft SQL Server\110\Tools\Binn;C:\Program Files\Microsoft SQL Server\110\DTS\Binn;C:\Program Files (x86)\Microsoft SQL Server\110\Tools\Binn\ManagementStudio;C:\Program Files (x86)\Microsoft SQL Server\110\DTS\Binn;C:\Program Files (x86)\QuickTime\QTSystem;C:\Program Files (x86)\Elm Platform\0.18\bin;C:\RailsInstaller\Git\cmd;C:\RailsInstaller\Ruby1.9.3\bin;C:\mongodb\bin;C:\Users\Robert\AppData\Local\atom\bin;C:\xampp\php;C:\Users\Robert\AppData\Roaming\Composer\vendor\bin;C:\Program Files\Android\Android Studio\gradle\gradle-2.14.1\bin;C:\Users\Robert\AppData\Roaming\npm;C:\Program Files\Intel\WiFi\bin;C:\Program Files\Common Files\Intel\WirelessCommon;C:\Program Files\Git\usr\bin\vendor_perl;C:\Program Files\Git\usr\bin\core_perl
10 verbose lifecycle mssqlNodeStarter@0.0.0~clientTest: CWD: C:\Users\Robert\Documents\ALS Documents\Marketing and Sales\Website\node\mssqlNodeStarter
11 silly lifecycle mssqlNodeStarter@0.0.0~clientTest: Args: [ '/d /s /c', 'jest' ]
12 silly lifecycle mssqlNodeStarter@0.0.0~clientTest: Returned: code: 1  signal: null
13 info lifecycle mssqlNodeStarter@0.0.0~clientTest: Failed to exec clientTest script
14 verbose stack Error: mssqlNodeStarter@0.0.0 clientTest: `jest`
14 verbose stack Exit status 1
14 verbose stack     at EventEmitter.<anonymous> (C:\Program Files\nodejs\node_modules\npm\lib\utils\lifecycle.js:255:16)
14 verbose stack     at emitTwo (events.js:106:13)
14 verbose stack     at EventEmitter.emit (events.js:191:7)
14 verbose stack     at ChildProcess.<anonymous> (C:\Program Files\nodejs\node_modules\npm\lib\utils\spawn.js:40:14)
14 verbose stack     at emitTwo (events.js:106:13)
14 verbose stack     at ChildProcess.emit (events.js:191:7)
14 verbose stack     at maybeClose (internal/child_process.js:886:16)
14 verbose stack     at Process.ChildProcess._handle.onexit (internal/child_process.js:226:5)
15 verbose pkgid mssqlNodeStarter@0.0.0
16 verbose cwd C:\Users\Robert\Documents\ALS Documents\Marketing and Sales\Website\node\mssqlNodeStarter
17 error Windows_NT 10.0.14393
18 error argv "C:\\Program Files\\nodejs\\node.exe" "C:\\Program Files\\nodejs\\node_modules\\npm\\bin\\npm-cli.js" "run" "clientTest"
19 error node v6.10.1
20 error npm  v3.10.10
21 error code ELIFECYCLE
22 error mssqlNodeStarter@0.0.0 clientTest: `jest`
22 error Exit status 1
23 error Failed at the mssqlNodeStarter@0.0.0 clientTest script 'jest'.
23 error Make sure you have the latest version of node.js and npm installed.
23 error If you do, this is most likely a problem with the mssqlNodeStarter package,
23 error not with npm itself.
23 error Tell the author that this fails on your system:
23 error     jest
23 error You can get information on how to open an issue for this project with:
23 error     npm bugs mssqlNodeStarter
23 error Or if that isn't available, you can get their info via:
23 error     npm owner ls mssqlNodeStarter
23 error There is likely additional logging output above.
24 verbose exit [ 1, true ]
